[2021-08-30 20:08:41,386] INFO Reading configuration from: C:\kafka_2.12-2.8.0\config\zookeeper.properties (org.apache.zookeeper.server.quorum.QuorumPeerConfig)
[2021-08-30 20:08:41,416] WARN C:kafka_2.12-2.8.0datazookeper is relative. Prepend .\ to indicate that you're sure! (org.apache.zookeeper.server.quorum.QuorumPeerConfig)
[2021-08-30 20:08:41,426] INFO clientPortAddress is 0.0.0.0:2181 (org.apache.zookeeper.server.quorum.QuorumPeerConfig)
[2021-08-30 20:08:41,426] INFO secureClientPort is not set (org.apache.zookeeper.server.quorum.QuorumPeerConfig)
[2021-08-30 20:08:41,437] INFO autopurge.snapRetainCount set to 3 (org.apache.zookeeper.server.DatadirCleanupManager)
[2021-08-30 20:08:41,441] INFO autopurge.purgeInterval set to 0 (org.apache.zookeeper.server.DatadirCleanupManager)
[2021-08-30 20:08:41,442] INFO Purge task is not scheduled. (org.apache.zookeeper.server.DatadirCleanupManager)
[2021-08-30 20:08:41,443] WARN Either no config or no quorum defined in config, running  in standalone mode (org.apache.zookeeper.server.quorum.QuorumPeerMain)
[2021-08-30 20:08:41,445] INFO Log4j 1.2 jmx support found and enabled. (org.apache.zookeeper.jmx.ManagedUtil)
[2021-08-30 20:08:41,493] INFO Reading configuration from: C:\kafka_2.12-2.8.0\config\zookeeper.properties (org.apache.zookeeper.server.quorum.QuorumPeerConfig)
[2021-08-30 20:08:41,495] WARN C:kafka_2.12-2.8.0datazookeper is relative. Prepend .\ to indicate that you're sure! (org.apache.zookeeper.server.quorum.QuorumPeerConfig)
[2021-08-30 20:08:41,495] INFO clientPortAddress is 0.0.0.0:2181 (org.apache.zookeeper.server.quorum.QuorumPeerConfig)
[2021-08-30 20:08:41,496] INFO secureClientPort is not set (org.apache.zookeeper.server.quorum.QuorumPeerConfig)
[2021-08-30 20:08:41,496] INFO Starting server (org.apache.zookeeper.server.ZooKeeperServerMain)
[2021-08-30 20:08:41,497] INFO zookeeper.snapshot.trust.empty : false (org.apache.zookeeper.server.persistence.FileTxnSnapLog)
[2021-08-30 20:08:46,100] INFO Server environment:zookeeper.version=3.5.9-83df9301aa5c2a5d284a9940177808c01bc35cef, built on 01/06/2021 20:03 GMT (org.apache.zookeeper.server.ZooKeeperServer)
[2021-08-30 20:08:46,102] INFO Server environment:host.name=DESKTOP-P5EGTQ0 (org.apache.zookeeper.server.ZooKeeperServer)
[2021-08-30 20:08:46,104] INFO Server environment:java.version=1.8.0_301 (org.apache.zookeeper.server.ZooKeeperServer)
[2021-08-30 20:08:46,104] INFO Server environment:java.vendor=Oracle Corporation (org.apache.zookeeper.server.ZooKeeperServer)
[2021-08-30 20:08:46,105] INFO Server environment:java.home=C:\Program Files (x86)\Java\jre1.8.0_301 (org.apache.zookeeper.server.ZooKeeperServer)
[2021-08-30 20:08:46,105] INFO Server environment:java.class.path=C:\kafka_2.12-2.8.0\libs\activation-1.1.1.jar;C:\kafka_2.12-2.8.0\libs\aopalliance-repackaged-2.6.1.jar;C:\kafka_2.12-2.8.0\libs\argparse4j-0.7.0.jar;C:\kafka_2.12-2.8.0\libs\audience-annotations-0.5.0.jar;C:\kafka_2.12-2.8.0\libs\commons-cli-1.4.jar;C:\kafka_2.12-2.8.0\libs\commons-lang3-3.8.1.jar;C:\kafka_2.12-2.8.0\libs\connect-api-2.8.0.jar;C:\kafka_2.12-2.8.0\libs\connect-basic-auth-extension-2.8.0.jar;C:\kafka_2.12-2.8.0\libs\connect-file-2.8.0.jar;C:\kafka_2.12-2.8.0\libs\connect-json-2.8.0.jar;C:\kafka_2.12-2.8.0\libs\connect-mirror-2.8.0.jar;C:\kafka_2.12-2.8.0\libs\connect-mirror-client-2.8.0.jar;C:\kafka_2.12-2.8.0\libs\connect-runtime-2.8.0.jar;C:\kafka_2.12-2.8.0\libs\connect-transforms-2.8.0.jar;C:\kafka_2.12-2.8.0\libs\hk2-api-2.6.1.jar;C:\kafka_2.12-2.8.0\libs\hk2-locator-2.6.1.jar;C:\kafka_2.12-2.8.0\libs\hk2-utils-2.6.1.jar;C:\kafka_2.12-2.8.0\libs\jackson-annotations-2.10.5.jar;C:\kafka_2.12-2.8.0\libs\jackson-core-2.10.5.jar;C:\kafka_2.12-2.8.0\libs\jackson-databind-2.10.5.1.jar;C:\kafka_2.12-2.8.0\libs\jackson-dataformat-csv-2.10.5.jar;C:\kafka_2.12-2.8.0\libs\jackson-datatype-jdk8-2.10.5.jar;C:\kafka_2.12-2.8.0\libs\jackson-jaxrs-base-2.10.5.jar;C:\kafka_2.12-2.8.0\libs\jackson-jaxrs-json-provider-2.10.5.jar;C:\kafka_2.12-2.8.0\libs\jackson-module-jaxb-annotations-2.10.5.jar;C:\kafka_2.12-2.8.0\libs\jackson-module-paranamer-2.10.5.jar;C:\kafka_2.12-2.8.0\libs\jackson-module-scala_2.12-2.10.5.jar;C:\kafka_2.12-2.8.0\libs\jakarta.activation-api-1.2.1.jar;C:\kafka_2.12-2.8.0\libs\jakarta.annotation-api-1.3.5.jar;C:\kafka_2.12-2.8.0\libs\jakarta.inject-2.6.1.jar;C:\kafka_2.12-2.8.0\libs\jakarta.validation-api-2.0.2.jar;C:\kafka_2.12-2.8.0\libs\jakarta.ws.rs-api-2.1.6.jar;C:\kafka_2.12-2.8.0\libs\jakarta.xml.bind-api-2.3.2.jar;C:\kafka_2.12-2.8.0\libs\javassist-3.27.0-GA.jar;C:\kafka_2.12-2.8.0\libs\javax.servlet-api-3.1.0.jar;C:\kafka_2.12-2.8.0\libs\javax.ws.rs-api-2.1.1.jar;C:\kafka_2.12-2.8.0\libs\jaxb-api-2.3.0.jar;C:\kafka_2.12-2.8.0\libs\jersey-client-2.31.jar;C:\kafka_2.12-2.8.0\libs\jersey-common-2.31.jar;C:\kafka_2.12-2.8.0\libs\jersey-container-servlet-2.31.jar;C:\kafka_2.12-2.8.0\libs\jersey-container-servlet-core-2.31.jar;C:\kafka_2.12-2.8.0\libs\jersey-hk2-2.31.jar;C:\kafka_2.12-2.8.0\libs\jersey-media-jaxb-2.31.jar;C:\kafka_2.12-2.8.0\libs\jersey-server-2.31.jar;C:\kafka_2.12-2.8.0\libs\jetty-client-9.4.39.v20210325.jar;C:\kafka_2.12-2.8.0\libs\jetty-continuation-9.4.39.v20210325.jar;C:\kafka_2.12-2.8.0\libs\jetty-http-9.4.39.v20210325.jar;C:\kafka_2.12-2.8.0\libs\jetty-io-9.4.39.v20210325.jar;C:\kafka_2.12-2.8.0\libs\jetty-security-9.4.39.v20210325.jar;C:\kafka_2.12-2.8.0\libs\jetty-server-9.4.39.v20210325.jar;C:\kafka_2.12-2.8.0\libs\jetty-servlet-9.4.39.v20210325.jar;C:\kafka_2.12-2.8.0\libs\jetty-servlets-9.4.39.v20210325.jar;C:\kafka_2.12-2.8.0\libs\jetty-util-9.4.39.v20210325.jar;C:\kafka_2.12-2.8.0\libs\jetty-util-ajax-9.4.39.v20210325.jar;C:\kafka_2.12-2.8.0\libs\jline-3.12.1.jar;C:\kafka_2.12-2.8.0\libs\jopt-simple-5.0.4.jar;C:\kafka_2.12-2.8.0\libs\kafka-clients-2.8.0.jar;C:\kafka_2.12-2.8.0\libs\kafka-log4j-appender-2.8.0.jar;C:\kafka_2.12-2.8.0\libs\kafka-metadata-2.8.0.jar;C:\kafka_2.12-2.8.0\libs\kafka-raft-2.8.0.jar;C:\kafka_2.12-2.8.0\libs\kafka-shell-2.8.0.jar;C:\kafka_2.12-2.8.0\libs\kafka-streams-2.8.0.jar;C:\kafka_2.12-2.8.0\libs\kafka-streams-examples-2.8.0.jar;C:\kafka_2.12-2.8.0\libs\kafka-streams-scala_2.12-2.8.0.jar;C:\kafka_2.12-2.8.0\libs\kafka-streams-test-utils-2.8.0.jar;C:\kafka_2.12-2.8.0\libs\kafka-tools-2.8.0.jar;C:\kafka_2.12-2.8.0\libs\kafka_2.12-2.8.0-javadoc.jar;C:\kafka_2.12-2.8.0\libs\kafka_2.12-2.8.0-javadoc.jar.asc;C:\kafka_2.12-2.8.0\libs\kafka_2.12-2.8.0-sources.jar;C:\kafka_2.12-2.8.0\libs\kafka_2.12-2.8.0-sources.jar.asc;C:\kafka_2.12-2.8.0\libs\kafka_2.12-2.8.0-test-sources.jar;C:\kafka_2.12-2.8.0\libs\kafka_2.12-2.8.0-test-sources.jar.asc;C:\kafka_2.12-2.8.0\libs\kafka_2.12-2.8.0-test.jar;C:\kafka_2.12-2.8.0\libs\kafka_2.12-2.8.0-test.jar.asc;C:\kafka_2.12-2.8.0\libs\kafka_2.12-2.8.0.jar;C:\kafka_2.12-2.8.0\libs\kafka_2.12-2.8.0.jar.asc;C:\kafka_2.12-2.8.0\libs\log4j-1.2.17.jar;C:\kafka_2.12-2.8.0\libs\lz4-java-1.7.1.jar;C:\kafka_2.12-2.8.0\libs\maven-artifact-3.6.3.jar;C:\kafka_2.12-2.8.0\libs\metrics-core-2.2.0.jar;C:\kafka_2.12-2.8.0\libs\netty-buffer-4.1.62.Final.jar;C:\kafka_2.12-2.8.0\libs\netty-codec-4.1.62.Final.jar;C:\kafka_2.12-2.8.0\libs\netty-common-4.1.62.Final.jar;C:\kafka_2.12-2.8.0\libs\netty-handler-4.1.62.Final.jar;C:\kafka_2.12-2.8.0\libs\netty-resolver-4.1.62.Final.jar;C:\kafka_2.12-2.8.0\libs\netty-transport-4.1.62.Final.jar;C:\kafka_2.12-2.8.0\libs\netty-transport-native-epoll-4.1.62.Final.jar;C:\kafka_2.12-2.8.0\libs\netty-transport-native-unix-common-4.1.62.Final.jar;C:\kafka_2.12-2.8.0\libs\osgi-resource-locator-1.0.3.jar;C:\kafka_2.12-2.8.0\libs\paranamer-2.8.jar;C:\kafka_2.12-2.8.0\libs\plexus-utils-3.2.1.jar;C:\kafka_2.12-2.8.0\libs\reflections-0.9.12.jar;C:\kafka_2.12-2.8.0\libs\rocksdbjni-5.18.4.jar;C:\kafka_2.12-2.8.0\libs\scala-collection-compat_2.12-2.3.0.jar;C:\kafka_2.12-2.8.0\libs\scala-java8-compat_2.12-0.9.1.jar;C:\kafka_2.12-2.8.0\libs\scala-library-2.12.13.jar;C:\kafka_2.12-2.8.0\libs\scala-logging_2.12-3.9.2.jar;C:\kafka_2.12-2.8.0\libs\scala-reflect-2.12.13.jar;C:\kafka_2.12-2.8.0\libs\slf4j-api-1.7.30.jar;C:\kafka_2.12-2.8.0\libs\slf4j-log4j12-1.7.30.jar;C:\kafka_2.12-2.8.0\libs\snappy-java-1.1.8.1.jar;C:\kafka_2.12-2.8.0\libs\zookeeper-3.5.9.jar;C:\kafka_2.12-2.8.0\libs\zookeeper-jute-3.5.9.jar;C:\kafka_2.12-2.8.0\libs\zstd-jni-1.4.9-1.jar (org.apache.zookeeper.server.ZooKeeperServer)
[2021-08-30 20:08:46,110] INFO Server environment:java.library.path=C:\Program Files (x86)\Common Files\Oracle\Java\javapath;C:\Windows\Sun\Java\bin;C:\Windows\system32;C:\Windows;C:\Program Files (x86)\Common Files\Oracle\Java\javapath;C:\Windows\system32;C:\Windows;C:\Windows\System32\Wbem;C:\Windows\System32\WindowsPowerShell\v1.0\;C:\Windows\System32\OpenSSH\;C:\Program Files\NVIDIA Corporation\NVIDIA NvDLISR;C:\Program Files (x86)\NVIDIA Corporation\PhysX\Common;C:\Users\felip\AppData\Local\Programs\Python\Python39\Scripts\;C:\Users\felip\AppData\Local\Programs\Python\Python39\;C:\Users\felip\AppData\Local\Microsoft\WindowsApps;C:\Users\felip\AppData\Local\atom\bin;. (org.apache.zookeeper.server.ZooKeeperServer)
[2021-08-30 20:08:46,112] INFO Server environment:java.io.tmpdir=C:\Users\felip\AppData\Local\Temp\ (org.apache.zookeeper.server.ZooKeeperServer)
[2021-08-30 20:08:46,114] INFO Server environment:java.compiler=<NA> (org.apache.zookeeper.server.ZooKeeperServer)
[2021-08-30 20:08:46,116] INFO Server environment:os.name=Windows 10 (org.apache.zookeeper.server.ZooKeeperServer)
[2021-08-30 20:08:46,118] INFO Server environment:os.arch=x86 (org.apache.zookeeper.server.ZooKeeperServer)
[2021-08-30 20:08:46,135] INFO Server environment:os.version=10.0 (org.apache.zookeeper.server.ZooKeeperServer)
[2021-08-30 20:08:46,138] INFO Server environment:user.name=felip (org.apache.zookeeper.server.ZooKeeperServer)
[2021-08-30 20:08:46,140] INFO Server environment:user.home=C:\Users\felip (org.apache.zookeeper.server.ZooKeeperServer)
[2021-08-30 20:08:46,142] INFO Server environment:user.dir=C:\Users\felip (org.apache.zookeeper.server.ZooKeeperServer)
[2021-08-30 20:08:46,144] INFO Server environment:os.memory.free=497MB (org.apache.zookeeper.server.ZooKeeperServer)
[2021-08-30 20:08:46,148] INFO Server environment:os.memory.max=512MB (org.apache.zookeeper.server.ZooKeeperServer)
[2021-08-30 20:08:46,152] INFO Server environment:os.memory.total=512MB (org.apache.zookeeper.server.ZooKeeperServer)
[2021-08-30 20:08:46,354] INFO minSessionTimeout set to 6000 (org.apache.zookeeper.server.ZooKeeperServer)
[2021-08-30 20:08:46,355] INFO maxSessionTimeout set to 60000 (org.apache.zookeeper.server.ZooKeeperServer)
[2021-08-30 20:08:46,364] INFO Created server with tickTime 3000 minSessionTimeout 6000 maxSessionTimeout 60000 datadir C:kafka_2.12-2.8.0datazookeper\version-2 snapdir C:kafka_2.12-2.8.0datazookeper\version-2 (org.apache.zookeeper.server.ZooKeeperServer)
[2021-08-30 20:08:46,685] INFO Using org.apache.zookeeper.server.NIOServerCnxnFactory as server connection factory (org.apache.zookeeper.server.ServerCnxnFactory)
[2021-08-30 20:08:46,720] INFO Configuring NIO connection handler with 10s sessionless connection timeout, 1 selector thread(s), 8 worker threads, and 64 kB direct buffers. (org.apache.zookeeper.server.NIOServerCnxnFactory)
[2021-08-30 20:08:46,727] INFO binding to port 0.0.0.0/0.0.0.0:2181 (org.apache.zookeeper.server.NIOServerCnxnFactory)
[2021-08-30 20:08:46,859] INFO zookeeper.snapshotSizeFactor = 0.33 (org.apache.zookeeper.server.ZKDatabase)
[2021-08-30 20:08:46,884] INFO Reading snapshot C:kafka_2.12-2.8.0datazookeper\version-2\snapshot.0 (org.apache.zookeeper.server.persistence.FileSnap)
[2021-08-30 20:08:46,951] INFO Snapshotting: 0x0 to C:kafka_2.12-2.8.0datazookeper\version-2\snapshot.0 (org.apache.zookeeper.server.persistence.FileTxnSnapLog)
[2021-08-30 20:08:47,019] INFO PrepRequestProcessor (sid:0) started, reconfigEnabled=false (org.apache.zookeeper.server.PrepRequestProcessor)
[2021-08-30 20:08:47,043] INFO Using checkIntervalMs=60000 maxPerMinute=10000 (org.apache.zookeeper.server.ContainerManager)
[2021-08-30 20:11:40,073] INFO Registered kafka:type=kafka.Log4jController MBean (kafka.utils.Log4jControllerRegistration$)
[2021-08-30 20:11:41,394] INFO Setting -D jdk.tls.rejectClientInitiatedRenegotiation=true to disable client-initiated TLS renegotiation (org.apache.zookeeper.common.X509Util)
[2021-08-30 20:11:41,820] INFO starting (kafka.server.KafkaServer)
[2021-08-30 20:11:41,822] INFO Connecting to zookeeper on localhost:2181 (kafka.server.KafkaServer)
[2021-08-30 20:11:41,941] INFO [ZooKeeperClient Kafka server] Initializing a new session to localhost:2181. (kafka.zookeeper.ZooKeeperClient)
[2021-08-30 20:11:46,565] INFO Client environment:zookeeper.version=3.5.9-83df9301aa5c2a5d284a9940177808c01bc35cef, built on 01/06/2021 20:03 GMT (org.apache.zookeeper.ZooKeeper)
[2021-08-30 20:11:46,566] INFO Client environment:host.name=DESKTOP-P5EGTQ0 (org.apache.zookeeper.ZooKeeper)
[2021-08-30 20:11:46,567] INFO Client environment:java.version=1.8.0_301 (org.apache.zookeeper.ZooKeeper)
[2021-08-30 20:11:46,568] INFO Client environment:java.vendor=Oracle Corporation (org.apache.zookeeper.ZooKeeper)
[2021-08-30 20:11:46,568] INFO Client environment:java.home=C:\Program Files (x86)\Java\jre1.8.0_301 (org.apache.zookeeper.ZooKeeper)
[2021-08-30 20:11:46,569] INFO Client environment:java.class.path=C:\kafka_2.12-2.8.0\libs\activation-1.1.1.jar;C:\kafka_2.12-2.8.0\libs\aopalliance-repackaged-2.6.1.jar;C:\kafka_2.12-2.8.0\libs\argparse4j-0.7.0.jar;C:\kafka_2.12-2.8.0\libs\audience-annotations-0.5.0.jar;C:\kafka_2.12-2.8.0\libs\commons-cli-1.4.jar;C:\kafka_2.12-2.8.0\libs\commons-lang3-3.8.1.jar;C:\kafka_2.12-2.8.0\libs\connect-api-2.8.0.jar;C:\kafka_2.12-2.8.0\libs\connect-basic-auth-extension-2.8.0.jar;C:\kafka_2.12-2.8.0\libs\connect-file-2.8.0.jar;C:\kafka_2.12-2.8.0\libs\connect-json-2.8.0.jar;C:\kafka_2.12-2.8.0\libs\connect-mirror-2.8.0.jar;C:\kafka_2.12-2.8.0\libs\connect-mirror-client-2.8.0.jar;C:\kafka_2.12-2.8.0\libs\connect-runtime-2.8.0.jar;C:\kafka_2.12-2.8.0\libs\connect-transforms-2.8.0.jar;C:\kafka_2.12-2.8.0\libs\hk2-api-2.6.1.jar;C:\kafka_2.12-2.8.0\libs\hk2-locator-2.6.1.jar;C:\kafka_2.12-2.8.0\libs\hk2-utils-2.6.1.jar;C:\kafka_2.12-2.8.0\libs\jackson-annotations-2.10.5.jar;C:\kafka_2.12-2.8.0\libs\jackson-core-2.10.5.jar;C:\kafka_2.12-2.8.0\libs\jackson-databind-2.10.5.1.jar;C:\kafka_2.12-2.8.0\libs\jackson-dataformat-csv-2.10.5.jar;C:\kafka_2.12-2.8.0\libs\jackson-datatype-jdk8-2.10.5.jar;C:\kafka_2.12-2.8.0\libs\jackson-jaxrs-base-2.10.5.jar;C:\kafka_2.12-2.8.0\libs\jackson-jaxrs-json-provider-2.10.5.jar;C:\kafka_2.12-2.8.0\libs\jackson-module-jaxb-annotations-2.10.5.jar;C:\kafka_2.12-2.8.0\libs\jackson-module-paranamer-2.10.5.jar;C:\kafka_2.12-2.8.0\libs\jackson-module-scala_2.12-2.10.5.jar;C:\kafka_2.12-2.8.0\libs\jakarta.activation-api-1.2.1.jar;C:\kafka_2.12-2.8.0\libs\jakarta.annotation-api-1.3.5.jar;C:\kafka_2.12-2.8.0\libs\jakarta.inject-2.6.1.jar;C:\kafka_2.12-2.8.0\libs\jakarta.validation-api-2.0.2.jar;C:\kafka_2.12-2.8.0\libs\jakarta.ws.rs-api-2.1.6.jar;C:\kafka_2.12-2.8.0\libs\jakarta.xml.bind-api-2.3.2.jar;C:\kafka_2.12-2.8.0\libs\javassist-3.27.0-GA.jar;C:\kafka_2.12-2.8.0\libs\javax.servlet-api-3.1.0.jar;C:\kafka_2.12-2.8.0\libs\javax.ws.rs-api-2.1.1.jar;C:\kafka_2.12-2.8.0\libs\jaxb-api-2.3.0.jar;C:\kafka_2.12-2.8.0\libs\jersey-client-2.31.jar;C:\kafka_2.12-2.8.0\libs\jersey-common-2.31.jar;C:\kafka_2.12-2.8.0\libs\jersey-container-servlet-2.31.jar;C:\kafka_2.12-2.8.0\libs\jersey-container-servlet-core-2.31.jar;C:\kafka_2.12-2.8.0\libs\jersey-hk2-2.31.jar;C:\kafka_2.12-2.8.0\libs\jersey-media-jaxb-2.31.jar;C:\kafka_2.12-2.8.0\libs\jersey-server-2.31.jar;C:\kafka_2.12-2.8.0\libs\jetty-client-9.4.39.v20210325.jar;C:\kafka_2.12-2.8.0\libs\jetty-continuation-9.4.39.v20210325.jar;C:\kafka_2.12-2.8.0\libs\jetty-http-9.4.39.v20210325.jar;C:\kafka_2.12-2.8.0\libs\jetty-io-9.4.39.v20210325.jar;C:\kafka_2.12-2.8.0\libs\jetty-security-9.4.39.v20210325.jar;C:\kafka_2.12-2.8.0\libs\jetty-server-9.4.39.v20210325.jar;C:\kafka_2.12-2.8.0\libs\jetty-servlet-9.4.39.v20210325.jar;C:\kafka_2.12-2.8.0\libs\jetty-servlets-9.4.39.v20210325.jar;C:\kafka_2.12-2.8.0\libs\jetty-util-9.4.39.v20210325.jar;C:\kafka_2.12-2.8.0\libs\jetty-util-ajax-9.4.39.v20210325.jar;C:\kafka_2.12-2.8.0\libs\jline-3.12.1.jar;C:\kafka_2.12-2.8.0\libs\jopt-simple-5.0.4.jar;C:\kafka_2.12-2.8.0\libs\kafka-clients-2.8.0.jar;C:\kafka_2.12-2.8.0\libs\kafka-log4j-appender-2.8.0.jar;C:\kafka_2.12-2.8.0\libs\kafka-metadata-2.8.0.jar;C:\kafka_2.12-2.8.0\libs\kafka-raft-2.8.0.jar;C:\kafka_2.12-2.8.0\libs\kafka-shell-2.8.0.jar;C:\kafka_2.12-2.8.0\libs\kafka-streams-2.8.0.jar;C:\kafka_2.12-2.8.0\libs\kafka-streams-examples-2.8.0.jar;C:\kafka_2.12-2.8.0\libs\kafka-streams-scala_2.12-2.8.0.jar;C:\kafka_2.12-2.8.0\libs\kafka-streams-test-utils-2.8.0.jar;C:\kafka_2.12-2.8.0\libs\kafka-tools-2.8.0.jar;C:\kafka_2.12-2.8.0\libs\kafka_2.12-2.8.0-javadoc.jar;C:\kafka_2.12-2.8.0\libs\kafka_2.12-2.8.0-javadoc.jar.asc;C:\kafka_2.12-2.8.0\libs\kafka_2.12-2.8.0-sources.jar;C:\kafka_2.12-2.8.0\libs\kafka_2.12-2.8.0-sources.jar.asc;C:\kafka_2.12-2.8.0\libs\kafka_2.12-2.8.0-test-sources.jar;C:\kafka_2.12-2.8.0\libs\kafka_2.12-2.8.0-test-sources.jar.asc;C:\kafka_2.12-2.8.0\libs\kafka_2.12-2.8.0-test.jar;C:\kafka_2.12-2.8.0\libs\kafka_2.12-2.8.0-test.jar.asc;C:\kafka_2.12-2.8.0\libs\kafka_2.12-2.8.0.jar;C:\kafka_2.12-2.8.0\libs\kafka_2.12-2.8.0.jar.asc;C:\kafka_2.12-2.8.0\libs\log4j-1.2.17.jar;C:\kafka_2.12-2.8.0\libs\lz4-java-1.7.1.jar;C:\kafka_2.12-2.8.0\libs\maven-artifact-3.6.3.jar;C:\kafka_2.12-2.8.0\libs\metrics-core-2.2.0.jar;C:\kafka_2.12-2.8.0\libs\netty-buffer-4.1.62.Final.jar;C:\kafka_2.12-2.8.0\libs\netty-codec-4.1.62.Final.jar;C:\kafka_2.12-2.8.0\libs\netty-common-4.1.62.Final.jar;C:\kafka_2.12-2.8.0\libs\netty-handler-4.1.62.Final.jar;C:\kafka_2.12-2.8.0\libs\netty-resolver-4.1.62.Final.jar;C:\kafka_2.12-2.8.0\libs\netty-transport-4.1.62.Final.jar;C:\kafka_2.12-2.8.0\libs\netty-transport-native-epoll-4.1.62.Final.jar;C:\kafka_2.12-2.8.0\libs\netty-transport-native-unix-common-4.1.62.Final.jar;C:\kafka_2.12-2.8.0\libs\osgi-resource-locator-1.0.3.jar;C:\kafka_2.12-2.8.0\libs\paranamer-2.8.jar;C:\kafka_2.12-2.8.0\libs\plexus-utils-3.2.1.jar;C:\kafka_2.12-2.8.0\libs\reflections-0.9.12.jar;C:\kafka_2.12-2.8.0\libs\rocksdbjni-5.18.4.jar;C:\kafka_2.12-2.8.0\libs\scala-collection-compat_2.12-2.3.0.jar;C:\kafka_2.12-2.8.0\libs\scala-java8-compat_2.12-0.9.1.jar;C:\kafka_2.12-2.8.0\libs\scala-library-2.12.13.jar;C:\kafka_2.12-2.8.0\libs\scala-logging_2.12-3.9.2.jar;C:\kafka_2.12-2.8.0\libs\scala-reflect-2.12.13.jar;C:\kafka_2.12-2.8.0\libs\slf4j-api-1.7.30.jar;C:\kafka_2.12-2.8.0\libs\slf4j-log4j12-1.7.30.jar;C:\kafka_2.12-2.8.0\libs\snappy-java-1.1.8.1.jar;C:\kafka_2.12-2.8.0\libs\zookeeper-3.5.9.jar;C:\kafka_2.12-2.8.0\libs\zookeeper-jute-3.5.9.jar;C:\kafka_2.12-2.8.0\libs\zstd-jni-1.4.9-1.jar (org.apache.zookeeper.ZooKeeper)
[2021-08-30 20:11:46,575] INFO Client environment:java.library.path=C:\Program Files (x86)\Common Files\Oracle\Java\javapath;C:\Windows\Sun\Java\bin;C:\Windows\system32;C:\Windows;C:\Program Files (x86)\Common Files\Oracle\Java\javapath;C:\Windows\system32;C:\Windows;C:\Windows\System32\Wbem;C:\Windows\System32\WindowsPowerShell\v1.0\;C:\Windows\System32\OpenSSH\;C:\Program Files\NVIDIA Corporation\NVIDIA NvDLISR;C:\Program Files (x86)\NVIDIA Corporation\PhysX\Common;C:\Users\felip\AppData\Local\Programs\Python\Python39\Scripts\;C:\Users\felip\AppData\Local\Programs\Python\Python39\;C:\Users\felip\AppData\Local\Microsoft\WindowsApps;C:\Users\felip\AppData\Local\atom\bin;. (org.apache.zookeeper.ZooKeeper)
[2021-08-30 20:11:46,577] INFO Client environment:java.io.tmpdir=C:\Users\felip\AppData\Local\Temp\ (org.apache.zookeeper.ZooKeeper)
[2021-08-30 20:11:46,579] INFO Client environment:java.compiler=<NA> (org.apache.zookeeper.ZooKeeper)
[2021-08-30 20:11:46,580] INFO Client environment:os.name=Windows 10 (org.apache.zookeeper.ZooKeeper)
[2021-08-30 20:11:46,594] INFO Client environment:os.arch=x86 (org.apache.zookeeper.ZooKeeper)
[2021-08-30 20:11:46,596] INFO Client environment:os.version=10.0 (org.apache.zookeeper.ZooKeeper)
[2021-08-30 20:11:46,599] INFO Client environment:user.name=felip (org.apache.zookeeper.ZooKeeper)
[2021-08-30 20:11:46,600] INFO Client environment:user.home=C:\Users\felip (org.apache.zookeeper.ZooKeeper)
[2021-08-30 20:11:46,602] INFO Client environment:user.dir=C:\Users\felip (org.apache.zookeeper.ZooKeeper)
[2021-08-30 20:11:46,603] INFO Client environment:os.memory.free=974MB (org.apache.zookeeper.ZooKeeper)
[2021-08-30 20:11:46,605] INFO Client environment:os.memory.max=1024MB (org.apache.zookeeper.ZooKeeper)
[2021-08-30 20:11:46,606] INFO Client environment:os.memory.total=1024MB (org.apache.zookeeper.ZooKeeper)
[2021-08-30 20:11:46,902] INFO Initiating client connection, connectString=localhost:2181 sessionTimeout=18000 watcher=kafka.zookeeper.ZooKeeperClient$ZooKeeperClientWatcher$@11d00c0 (org.apache.zookeeper.ZooKeeper)
[2021-08-30 20:11:46,941] INFO jute.maxbuffer value is 4194304 Bytes (org.apache.zookeeper.ClientCnxnSocket)
[2021-08-30 20:11:47,040] INFO zookeeper.request.timeout value is 0. feature enabled= (org.apache.zookeeper.ClientCnxn)
[2021-08-30 20:11:47,058] INFO [ZooKeeperClient Kafka server] Waiting until connected. (kafka.zookeeper.ZooKeeperClient)
[2021-08-30 20:11:47,199] INFO Opening socket connection to server localhost/0:0:0:0:0:0:0:1:2181. Will not attempt to authenticate using SASL (unknown error) (org.apache.zookeeper.ClientCnxn)
[2021-08-30 20:11:47,206] INFO Socket connection established, initiating session, client: /0:0:0:0:0:0:0:1:55366, server: localhost/0:0:0:0:0:0:0:1:2181 (org.apache.zookeeper.ClientCnxn)
[2021-08-30 20:11:47,253] INFO Creating new log file: log.1 (org.apache.zookeeper.server.persistence.FileTxnLog)
[2021-08-30 20:11:47,352] INFO Session establishment complete on server localhost/0:0:0:0:0:0:0:1:2181, sessionid = 0x100001e8f650000, negotiated timeout = 18000 (org.apache.zookeeper.ClientCnxn)
[2021-08-30 20:11:47,367] INFO [ZooKeeperClient Kafka server] Connected. (kafka.zookeeper.ZooKeeperClient)
[2021-08-30 20:11:48,630] INFO [feature-zk-node-event-process-thread]: Starting (kafka.server.FinalizedFeatureChangeListener$ChangeNotificationProcessorThread)
[2021-08-30 20:11:48,660] INFO Feature ZK node at path: /feature does not exist (kafka.server.FinalizedFeatureChangeListener)
[2021-08-30 20:11:48,661] INFO Cleared cache (kafka.server.FinalizedFeatureCache)
[2021-08-30 20:11:49,649] INFO Cluster ID = ipkJ5tDwRCKsp1_wUcIcig (kafka.server.KafkaServer)
[2021-08-30 20:11:49,748] ERROR Fatal error during KafkaServer startup. Prepare to shutdown (kafka.server.KafkaServer)
kafka.common.InconsistentClusterIdException: The Cluster ID ipkJ5tDwRCKsp1_wUcIcig doesn't match stored clusterId Some(t2LMzPoaTvmYp9LivTii0g) in meta.properties. The broker is trying to join the wrong cluster. Configured zookeeper.connect may be wrong.
	at kafka.server.KafkaServer.startup(KafkaServer.scala:218)
	at kafka.Kafka$.main(Kafka.scala:109)
	at kafka.Kafka.main(Kafka.scala)
[2021-08-30 20:11:49,796] INFO shutting down (kafka.server.KafkaServer)
[2021-08-30 20:11:49,801] INFO [feature-zk-node-event-process-thread]: Shutting down (kafka.server.FinalizedFeatureChangeListener$ChangeNotificationProcessorThread)
[2021-08-30 20:11:49,803] INFO [feature-zk-node-event-process-thread]: Shutdown completed (kafka.server.FinalizedFeatureChangeListener$ChangeNotificationProcessorThread)
[2021-08-30 20:11:49,803] INFO [feature-zk-node-event-process-thread]: Stopped (kafka.server.FinalizedFeatureChangeListener$ChangeNotificationProcessorThread)
[2021-08-30 20:11:49,805] INFO [ZooKeeperClient Kafka server] Closing. (kafka.zookeeper.ZooKeeperClient)
[2021-08-30 20:11:49,974] INFO Session: 0x100001e8f650000 closed (org.apache.zookeeper.ZooKeeper)
[2021-08-30 20:11:49,975] INFO EventThread shut down for session: 0x100001e8f650000 (org.apache.zookeeper.ClientCnxn)
[2021-08-30 20:11:49,984] INFO [ZooKeeperClient Kafka server] Closed. (kafka.zookeeper.ZooKeeperClient)
[2021-08-30 20:11:50,013] INFO App info kafka.server for 0 unregistered (org.apache.kafka.common.utils.AppInfoParser)
[2021-08-30 20:11:50,016] INFO shut down completed (kafka.server.KafkaServer)
[2021-08-30 20:11:50,019] ERROR Exiting Kafka. (kafka.Kafka$)
[2021-08-30 20:11:50,032] INFO shutting down (kafka.server.KafkaServer)
